This is pdfTeXk, Version 3.141592-1.40.3 (Web2C 7.5.6) (format=latex 2008.5.15)  15 MAY 2008 11:57
entering extended mode
 %&-line parsing enabled.
**doc-article-hermes.ltx
(./doc-article-hermes.ltx
LaTeX2e <2005/12/01>
Babel <v3.8h> and hyphenation patterns for english, usenglishmax, dumylang, noh
yphenation, arabic, farsi, croatian, ukrainian, russian, bulgarian, czech, slov
ak, danish, dutch, finnish, basque, french, german, ngerman, ibycus, greek, mon
ogreek, ancientgreek, hungarian, italian, latin, mongolian, norsk, icelandic, i
nterlingua, turkish, coptic, romanian, welsh, serbian, slovenian, estonian, esp
eranto, uppersorbian, indonesian, polish, portuguese, spanish, catalan, galicia
n, swedish, ukenglish, loaded.
(./article-hermes.cls
Document Class: article-hermes  03/03/2005 Version: 1.2 
style Latex2e pour les articles de revues ou actes Hermes, Roger Rousseau, 1999
, Guillaume Laurent, 2005
File: article-hermes.cls 03/03/2005 Version: 1.2
article-hermes.cls : ``fleqn'' option

! LaTeX Error: File `article.cls' not found.

Type X to quit or <RETURN> to proceed,
or enter new name. (Default extension: cls)

Enter file name: guii.tex
(./guii.tex

! LaTeX Error: Two \documentclass or \documentstyle commands.

See the LaTeX manual or LaTeX Companion for explanation.
Type  H <return>  for immediate help.
 ...                                              
                                                  
l.4 \documentclass[fleqn]{
                          article-hermes}
? x
 
Here is how much of TeX's memory you used:
 47 strings out of 94081
 855 string characters out of 1165334
 47718 words of memory out of 1500000
 3422 multiletter control sequences out of 10000+50000
 3640 words of font info for 14 fonts, out of 1200000 for 2000
 645 hyphenation exceptions out of 8191
 19i,0n,19p,137b,16s stack positions out of 5000i,500n,6000p,200000b,5000s
No pages of output.
